<?xml version="1.0" encoding="UTF-8"?>
<testsuite xmlns:xsi="http://www.w3.org/2001/XMLSchema-instance" xsi:noNamespaceSchemaLocation="https://maven.apache.org/surefire/maven-surefire-plugin/xsd/surefire-test-report.xsd" name="edu.westga.comp4420.junit_sample.test.model.telephone_checker.TestIdentifySpam" time="0.218" tests="8" errors="0" skipped="0" failures="0">
  <properties>
[...]
</properties>
  <testcase name="test{long, boolean}[1]" classname="edu.westga.comp4420.junit_sample.test.model.telephone_checker.TestIdentifySpam" time="0.066"/>
  <testcase name="test{long, boolean}[2]" classname="edu.westga.comp4420.junit_sample.test.model.telephone_checker.TestIdentifySpam" time="0.001"/>
  <testcase name="test{long, boolean}[3]" classname="edu.westga.comp4420.junit_sample.test.model.telephone_checker.TestIdentifySpam" time="0.002"/>
  <testcase name="test{long, boolean}[4]" classname="edu.westga.comp4420.junit_sample.test.model.telephone_checker.TestIdentifySpam" time="0"/>
  <testcase name="test{long, boolean}[5]" classname="edu.westga.comp4420.junit_sample.test.model.telephone_checker.TestIdentifySpam" time="0.001"/>
  <testcase name="test{long, boolean}[6]" classname="edu.westga.comp4420.junit_sample.test.model.telephone_checker.TestIdentifySpam" time="0.001"/>
  <testcase name="test{long, boolean}[7]" classname="edu.westga.comp4420.junit_sample.test.model.telephone_checker.TestIdentifySpam" time="0.002"/>
  <testcase name="test{long, boolean}[8]" classname="edu.westga.comp4420.junit_sample.test.model.telephone_checker.TestIdentifySpam" time="0"/>
</testsuite>